Arguments: 
  /usr/local/Cellar/node/10.9.0/bin/node /usr/local/bin/yarn install

PATH: 
  /Library/Frameworks/Python.framework/Versions/3.7/bin:/usr/local/bin:/usr/bin:/bin:/usr/sbin:/sbin

Yarn version: 
  1.10.1

Node version: 
  10.9.0

Platform: 
  darwin x64

Trace: 
  SyntaxError: /Users/cbo/FullStack/GroupProject3/Prototype/tempCC/package.json: Unexpected token } in JSON at position 528
      at JSON.parse (<anonymous>)
      at /usr/local/lib/node_modules/yarn/lib/cli.js:1136:59
      at Generator.next (<anonymous>)
      at step (/usr/local/lib/node_modules/yarn/lib/cli.js:98:30)
      at /usr/local/lib/node_modules/yarn/lib/cli.js:109:13

npm manifest: 
  {
    "name": "watson-calorie-counter",
    "version": "0.1.1",
    "dependencies": {
      "base64-js": "^1.3.0",
      "base64-stream": "^1.0.0",
      "blob-util": "^2.0.2",
      "body-parser": "^1.18.3",
      "cfenv": "^1.1.0",
      "clientside-require": "^4.7.2",
      "dotenv": "^4.0.0",
      "express": "^4.16.3",
      "formidable": "^1.2.1",
      "multer": "^1.4.1",
      "vcap_services": "^0.3.4",
      "watson-developer-cloud": "^3.4.5"
    },
    "main": "app.js",
    "scripts": {
      "start": "node app.js"
    },
    "license": "Apache-2.0"
    }
  }

yarn manifest: 
  No manifest

Lockfile: 
  # THIS IS AN AUTOGENERATED FILE. DO NOT EDIT THIS FILE DIRECTLY.
  # yarn lockfile v1
